[2014-10-22 14:21:58] Starting data_agent daemon...
Traceback (most recent call last):
  File "mokylin_client_daemon.py", line 195, in <module>
    daemon.start('%s' % config)
  File "mokylin_client_daemon.py", line 117, in start
    self._run()
  File "mokylin_client_daemon.py", line 75, in _run
    mokylin_client.socket_start(str(self.server), int(self.server_port))
  File "/opt/mokylin/datacollection/mokylin_client/modules/mokylin_client.py", line 28, in socket_start
    sock.connect(("%s" % remote_server, int(remote_port)))
  File "/usr/lib/python2.7/socket.py", line 224, in meth
    return getattr(self._sock,name)(*args)
socket.error: [Errno 111] Connection refused
[2014-10-22 14:22:49] Starting data_agent daemon...
Traceback (most recent call last):
  File "mokylin_client_daemon.py", line 195, in <module>
    daemon.start('%s' % config)
  File "mokylin_client_daemon.py", line 117, in start
    self._run()
  File "mokylin_client_daemon.py", line 75, in _run
    mokylin_client.socket_start(str(self.server), int(self.server_port))
  File "/opt/mokylin/datacollection/mokylin_client/modules/mokylin_client.py", line 28, in socket_start
    abc=sock.connect(("%s" % remote_server, int(remote_port)))
  File "/usr/lib/python2.7/socket.py", line 224, in meth
    return getattr(self._sock,name)(*args)
socket.error: [Errno 111] Connection refused
[2014-10-22 14:27:44] Starting data_agent daemon...
[2014-10-22 14:36:37] Stop listening all services....
[2014-10-22 14:36:37] Starting data_agent daemon...
[2014-10-24 13:45:50] Stop listening all services....
[2014-10-24 13:57:13] Starting data_agent daemon...
[2014-10-24 14:01:27] Stop listening all services....
[2014-10-24 14:01:27] Starting data_agent daemon...
[2014-10-24 14:02:14] Stop listening all services....
[2014-10-24 14:02:14] Starting data_agent daemon...
[2014-10-24 14:04:34] Stop listening all services....
[2014-10-24 14:04:34] Starting data_agent daemon...
[2014-10-24 14:36:31] Stop listening all services....
[2014-10-24 14:36:31] Starting data_agent daemon...
[2014-10-24 14:36:39] Stop listening all services....
[2014-10-24 14:36:39] Starting data_agent daemon...
[2014-10-24 14:42:04] Stop listening all services....
[2014-10-24 14:42:04] Starting data_agent daemon...
[2014-10-24 14:44:12] Stop listening all services....
[2014-10-24 14:44:12] Starting data_agent daemon...
[2014-10-24 14:44:18] Stop listening all services....
[2014-10-24 14:44:18] Starting data_agent daemon...
[2014-10-24 15:03:28] Stop listening all services....
[2014-10-24 15:03:28] Starting data_agent daemon...
[2014-10-24 15:03:31] Stop listening all services....
[2014-10-24 17:22:00] Starting data_agent daemon...
[2014-10-24 17:22:34] Stop listening all services....
[2014-10-24 17:22:34] Starting data_agent daemon...
[2014-10-24 17:22:42] Stop listening all services....
[2014-10-24 17:22:42] Starting data_agent daemon...
[2014-10-24 17:22:45] Stop listening all services....
[2014-10-24 17:23:41] Starting data_agent daemon...
[2014-10-24 17:24:10] Stop listening all services....
[2014-10-24 17:24:47] Starting data_agent daemon...
[2014-10-24 17:24:56] Stop listening all services....
[2014-10-24 17:26:23] Starting data_agent daemon...
[2014-10-24 17:26:34] Stop listening all services....
[2014-10-24 17:29:01] Starting data_agent daemon...
[2014-10-24 17:29:07] Stop listening all services....
[2014-10-24 17:30:19] Starting data_agent daemon...
[2014-10-24 17:30:34] Stop listening all services....
[2014-10-24 17:30:36] Starting data_agent daemon...
[2014-10-24 17:32:00] Stop listening all services....
[2014-10-24 17:32:02] Starting data_agent daemon...
[2014-10-24 17:33:33] Stop listening all services....
[2014-10-24 17:33:37] Starting data_agent daemon...
[2014-10-24 17:35:56] Stop listening all services....
[2014-10-24 17:35:57] Starting data_agent daemon...
[2014-10-24 17:42:50] Stop listening all services....
[2014-10-24 17:42:51] Starting data_agent daemon...
Traceback (most recent call last):
  File "mokylin_client_daemon.py", line 195, in <module>
    daemon.start('%s' % config)
  File "mokylin_client_daemon.py", line 117, in start
    self._run()
  File "mokylin_client_daemon.py", line 75, in _run
    mokylin_client.socket_start(str(self.server), int(self.server_port))
  File "/opt/mokylin/datacollection/mokylin_client/modules/mokylin_client.py", line 33, in socket_start
    sock.connect(("%s" % remote_server, int(remote_port)))
  File "/usr/lib/python2.7/socket.py", line 224, in meth
    return getattr(self._sock,name)(*args)
socket.error: [Errno 111] Connection refused
[2014-10-24 17:43:41] Starting data_agent daemon...
[2014-10-24 17:44:41] Stop listening all services....
[2014-10-24 17:44:47] Starting data_agent daemon...
[2014-10-24 17:46:33] Stop listening all services....
[2014-10-24 17:46:34] Starting data_agent daemon...
[2014-10-24 17:47:09] Stop listening all services....
[2014-10-24 17:47:10] Starting data_agent daemon...
[2014-10-24 17:47:16] Stop listening all services....
[2014-10-24 17:47:18] Starting data_agent daemon...
[2014-10-24 17:47:19] Stop listening all services....
[2014-10-24 17:48:51] Starting data_agent daemon...
[2014-10-24 17:48:54] Stop listening all services....
[2014-10-24 17:49:22] Starting data_agent daemon...
[2014-10-24 17:49:26] Stop listening all services....
[2014-10-24 17:49:37] Starting data_agent daemon...
[2014-10-27 10:09:29] Starting data_agent daemon...
[2014-10-27 10:10:59] Stop listening all services....
[2014-10-27 10:10:59] Starting data_agent daemon...
[2014-10-27 10:12:18] Stop listening all services....
[2014-10-27 10:14:58] Starting data_agent daemon...
[2014-10-27 13:44:16] Stop listening all services....
[2014-10-27 13:44:16] Starting data_agent daemon...
[2014-10-29 18:20:56] Stop listening all services....
[2014-10-29 18:20:57] Starting data_agent daemon...
[2014-10-29 18:22:08] Stop listening all services....
[2014-10-29 18:22:08] Starting data_agent daemon...
[2014-10-29 18:43:31] Stop listening all services....
[2014-10-29 18:43:31] Starting data_agent daemon...
[2014-10-29 18:44:00] Stop listening all services....
[2014-10-29 18:44:00] Starting data_agent daemon...
[2014-10-29 18:48:48] Stop listening all services....
[2014-10-29 18:48:48] Starting data_agent daemon...
[2014-10-29 18:49:51] Stop listening all services....
[2014-10-29 18:49:51] Starting data_agent daemon...
[2014-10-29 18:52:13] Stop listening all services....
[2014-10-29 18:52:13] Starting data_agent daemon...
[2014-10-29 19:02:57] Stop listening all services....
[2014-10-29 19:02:57] Starting data_agent daemon...
[2014-10-29 19:23:16] Stop listening all services....
[2014-10-29 19:23:16] Starting data_agent daemon...
[2014-10-29 19:24:09] Stop listening all services....
[2014-10-29 19:24:09] Starting data_agent daemon...
[2014-10-29 19:24:40] Stop listening all services....
[2014-10-29 19:24:40] Starting data_agent daemon...
[2014-10-29 19:25:10] Stop listening all services....
[2014-10-29 19:25:10] Starting data_agent daemon...
[2014-10-29 19:25:38] Stop listening all services....
[2014-10-29 19:25:38] Starting data_agent daemon...
[2014-10-29 19:25:51] Stop listening all services....
[2014-10-29 19:25:51] Starting data_agent daemon...
[2014-10-29 19:27:51] Stop listening all services....
[2014-10-29 19:27:51] Starting data_agent daemon...
[2014-10-29 19:29:20] Stop listening all services....
[2014-10-29 19:29:20] Starting data_agent daemon...
[2014-10-29 19:31:05] Stop listening all services....
[2014-10-29 19:31:05] Starting data_agent daemon...
[2014-10-29 19:32:29] Stop listening all services....
[2014-10-29 19:32:29] Starting data_agent daemon...
[2014-10-31 16:16:03] Starting data_agent daemon...
